{"/home/fw/repos/js/native/stellar-message/App.js": {"path":"/home/fw/repos/js/native/stellar-message/App.js","statementMap":{"0":{"start":{"line":25,"column":16},"end":{"line":25,"column":44}},"1":{"start":{"line":26,"column":16},"end":{"line":32,"column":4}},"2":{"start":{"line":34,"column":16},"end":{"line":36,"column":4}},"3":{"start":{"line":38,"column":30},"end":{"line":42,"column":3}},"4":{"start":{"line":44,"column":2},"end":{"line":71,"column":4}}},"fnMap":{"0":{"name":"App","decl":{"start":{"line":24,"column":24},"end":{"line":24,"column":27}},"loc":{"start":{"line":24,"column":30},"end":{"line":72,"column":1}},"line":24}},"branchMap":{},"s":{"0":0,"1":0,"2":0,"3":0,"4":0},"f":{"0":0},"b":{}}
,"/home/fw/repos/js/native/stellar-message/config/firebaseConfig.js": {"path":"/home/fw/repos/js/native/stellar-message/config/firebaseConfig.js","statementMap":{"0":{"start":{"line":13,"column":23},"end":{"line":20,"column":1}},"1":{"start":{"line":22,"column":12},"end":{"line":22,"column":41}},"2":{"start":{"line":24,"column":20},"end":{"line":24,"column":32}},"3":{"start":{"line":25,"column":24},"end":{"line":25,"column":41}}},"fnMap":{},"branchMap":{},"s":{"0":0,"1":0,"2":0,"3":0},"f":{},"b":{}}
,"/home/fw/repos/js/native/stellar-message/features/settingsSlice.js": {"path":"/home/fw/repos/js/native/stellar-message/features/settingsSlice.js","statementMap":{"0":{"start":{"line":3,"column":21},"end":{"line":5,"column":1}},"1":{"start":{"line":31,"column":29},"end":{"line":39,"column":2}},"2":{"start":{"line":36,"column":6},"end":{"line":36,"column":35}},"3":{"start":{"line":42,"column":31},"end":{"line":42,"column":52}}},"fnMap":{"0":{"name":"(anonymous_0)","decl":{"start":{"line":35,"column":17},"end":{"line":35,"column":18}},"loc":{"start":{"line":35,"column":36},"end":{"line":37,"column":5}},"line":35}},"branchMap":{},"s":{"0":0,"1":0,"2":0,"3":0},"f":{"0":0},"b":{}}
,"/home/fw/repos/js/native/stellar-message/features/themeSlice.js": {"path":"/home/fw/repos/js/native/stellar-message/features/themeSlice.js","statementMap":{"0":{"start":{"line":3,"column":21},"end":{"line":5,"column":1}},"1":{"start":{"line":31,"column":26},"end":{"line":39,"column":2}},"2":{"start":{"line":36,"column":6},"end":{"line":36,"column":35}},"3":{"start":{"line":42,"column":28},"end":{"line":42,"column":46}}},"fnMap":{"0":{"name":"(anonymous_0)","decl":{"start":{"line":35,"column":14},"end":{"line":35,"column":15}},"loc":{"start":{"line":35,"column":33},"end":{"line":37,"column":5}},"line":35}},"branchMap":{},"s":{"0":0,"1":0,"2":0,"3":0},"f":{"0":0},"b":{}}
,"/home/fw/repos/js/native/stellar-message/features/userSlice.js": {"path":"/home/fw/repos/js/native/stellar-message/features/userSlice.js","statementMap":{"0":{"start":{"line":3,"column":21},"end":{"line":5,"column":1}},"1":{"start":{"line":28,"column":25},"end":{"line":36,"column":2}},"2":{"start":{"line":33,"column":6},"end":{"line":33,"column":34}},"3":{"start":{"line":39,"column":31},"end":{"line":39,"column":48}}},"fnMap":{"0":{"name":"(anonymous_0)","decl":{"start":{"line":32,"column":17},"end":{"line":32,"column":18}},"loc":{"start":{"line":32,"column":36},"end":{"line":34,"column":5}},"line":32}},"branchMap":{},"s":{"0":0,"1":0,"2":0,"3":0},"f":{"0":0},"b":{}}
,"/home/fw/repos/js/native/stellar-message/screens/ChatScreen.js": {"path":"/home/fw/repos/js/native/stellar-message/screens/ChatScreen.js","statementMap":{"0":{"start":{"line":5,"column":2},"end":{"line":9,"column":4}}},"fnMap":{"0":{"name":"ChatScreen","decl":{"start":{"line":4,"column":24},"end":{"line":4,"column":34}},"loc":{"start":{"line":4,"column":37},"end":{"line":10,"column":1}},"line":4}},"branchMap":{},"s":{"0":0},"f":{"0":0},"b":{}}
,"/home/fw/repos/js/native/stellar-message/screens/HomeScreen.js": {"path":"/home/fw/repos/js/native/stellar-message/screens/HomeScreen.js","statementMap":{"0":{"start":{"line":5,"column":2},"end":{"line":9,"column":4}}},"fnMap":{"0":{"name":"HomeScreen","decl":{"start":{"line":4,"column":24},"end":{"line":4,"column":34}},"loc":{"start":{"line":4,"column":37},"end":{"line":10,"column":1}},"line":4}},"branchMap":{},"s":{"0":0},"f":{"0":0},"b":{}}
,"/home/fw/repos/js/native/stellar-message/screens/LoginScreen.js": {"path":"/home/fw/repos/js/native/stellar-message/screens/LoginScreen.js","statementMap":{"0":{"start":{"line":22,"column":28},"end":{"line":22,"column":40}},"1":{"start":{"line":23,"column":34},"end":{"line":23,"column":46}},"2":{"start":{"line":24,"column":27},"end":{"line":29,"column":4}},"3":{"start":{"line":30,"column":2},"end":{"line":98,"column":4}},"4":{"start":{"line":35,"column":8},"end":{"line":35,"column":28}},"5":{"start":{"line":39,"column":8},"end":{"line":95,"column":31}},"6":{"start":{"line":53,"column":14},"end":{"line":53,"column":43}},"7":{"start":{"line":91,"column":38},"end":{"line":91,"column":69}}},"fnMap":{"0":{"name":"LoginScreen","decl":{"start":{"line":21,"column":24},"end":{"line":21,"column":35}},"loc":{"start":{"line":21,"column":52},"end":{"line":99,"column":1}},"line":21},"1":{"name":"(anonymous_1)","decl":{"start":{"line":34,"column":16},"end":{"line":34,"column":17}},"loc":{"start":{"line":34,"column":28},"end":{"line":36,"column":7}},"line":34},"2":{"name":"(anonymous_2)","decl":{"start":{"line":38,"column":7},"end":{"line":38,"column":8}},"loc":{"start":{"line":39,"column":8},"end":{"line":95,"column":31}},"line":39},"3":{"name":"(anonymous_3)","decl":{"start":{"line":52,"column":22},"end":{"line":52,"column":23}},"loc":{"start":{"line":52,"column":33},"end":{"line":54,"column":13}},"line":52},"4":{"name":"(anonymous_4)","decl":{"start":{"line":91,"column":32},"end":{"line":91,"column":33}},"loc":{"start":{"line":91,"column":38},"end":{"line":91,"column":69}},"line":91}},"branchMap":{},"s":{"0":0,"1":0,"2":0,"3":0,"4":0,"5":0,"6":0,"7":0},"f":{"0":0,"1":0,"2":0,"3":0,"4":0},"b":{}}
,"/home/fw/repos/js/native/stellar-message/screens/MemoryScreen.js": {"path":"/home/fw/repos/js/native/stellar-message/screens/MemoryScreen.js","statementMap":{"0":{"start":{"line":5,"column":2},"end":{"line":9,"column":4}}},"fnMap":{"0":{"name":"MemoryScreen","decl":{"start":{"line":4,"column":24},"end":{"line":4,"column":36}},"loc":{"start":{"line":4,"column":39},"end":{"line":10,"column":1}},"line":4}},"branchMap":{},"s":{"0":0},"f":{"0":0},"b":{}}
,"/home/fw/repos/js/native/stellar-message/screens/RegisterScreen.js": {"path":"/home/fw/repos/js/native/stellar-message/screens/RegisterScreen.js","statementMap":{"0":{"start":{"line":8,"column":2},"end":{"line":30,"column":4}},"1":{"start":{"line":25,"column":34},"end":{"line":25,"column":62}}},"fnMap":{"0":{"name":"RegisterScreen","decl":{"start":{"line":7,"column":24},"end":{"line":7,"column":38}},"loc":{"start":{"line":7,"column":55},"end":{"line":31,"column":1}},"line":7},"1":{"name":"(anonymous_1)","decl":{"start":{"line":25,"column":28},"end":{"line":25,"column":29}},"loc":{"start":{"line":25,"column":34},"end":{"line":25,"column":62}},"line":25}},"branchMap":{},"s":{"0":0,"1":0},"f":{"0":0,"1":0},"b":{}}
}
