{"/home/fw/repos/js/native/stellar-message/.eslintrc.js": {"path":"/home/fw/repos/js/native/stellar-message/.eslintrc.js","statementMap":{"0":{"start":{"line":1,"column":0},"end":{"line":4,"column":2}}},"fnMap":{},"branchMap":{},"s":{"0":0},"f":{},"b":{}}
,"/home/fw/repos/js/native/stellar-message/App.js": {"path":"/home/fw/repos/js/native/stellar-message/App.js","statementMap":{"0":{"start":{"line":26,"column":16},"end":{"line":26,"column":44}},"1":{"start":{"line":27,"column":16},"end":{"line":33,"column":4}},"2":{"start":{"line":35,"column":16},"end":{"line":37,"column":4}},"3":{"start":{"line":39,"column":30},"end":{"line":43,"column":3}},"4":{"start":{"line":45,"column":2},"end":{"line":63,"column":4}}},"fnMap":{"0":{"name":"App","decl":{"start":{"line":25,"column":24},"end":{"line":25,"column":27}},"loc":{"start":{"line":25,"column":30},"end":{"line":64,"column":1}},"line":25}},"branchMap":{},"s":{"0":1,"1":1,"2":1,"3":1,"4":1},"f":{"0":1},"b":{},"_coverageSchema":"1a1c01bbd47fc00a2c39e90264f33305004495a9","hash":"d34b3ebb4b5ff51aa097151823b951cfb909d976"}
,"/home/fw/repos/js/native/stellar-message/config/firebaseConfig.js": {"path":"/home/fw/repos/js/native/stellar-message/config/firebaseConfig.js","statementMap":{"0":{"start":{"line":12,"column":23},"end":{"line":19,"column":1}},"1":{"start":{"line":21,"column":12},"end":{"line":21,"column":41}},"2":{"start":{"line":23,"column":20},"end":{"line":23,"column":32}},"3":{"start":{"line":24,"column":24},"end":{"line":24,"column":41}}},"fnMap":{},"branchMap":{},"s":{"0":0,"1":0,"2":0,"3":0},"f":{},"b":{}}
,"/home/fw/repos/js/native/stellar-message/features/settingsSlice.js": {"path":"/home/fw/repos/js/native/stellar-message/features/settingsSlice.js","statementMap":{"0":{"start":{"line":3,"column":21},"end":{"line":5,"column":1}},"1":{"start":{"line":31,"column":29},"end":{"line":39,"column":2}},"2":{"start":{"line":36,"column":6},"end":{"line":36,"column":35}},"3":{"start":{"line":42,"column":31},"end":{"line":42,"column":52}}},"fnMap":{"0":{"name":"(anonymous_0)","decl":{"start":{"line":35,"column":17},"end":{"line":35,"column":18}},"loc":{"start":{"line":35,"column":36},"end":{"line":37,"column":5}},"line":35}},"branchMap":{},"s":{"0":1,"1":1,"2":0,"3":1},"f":{"0":0},"b":{},"_coverageSchema":"1a1c01bbd47fc00a2c39e90264f33305004495a9","hash":"0e04cbbeb70fe7e02f58c0b042d11930d9aa4364"}
,"/home/fw/repos/js/native/stellar-message/features/themeSlice.js": {"path":"/home/fw/repos/js/native/stellar-message/features/themeSlice.js","statementMap":{"0":{"start":{"line":3,"column":21},"end":{"line":5,"column":1}},"1":{"start":{"line":31,"column":26},"end":{"line":39,"column":2}},"2":{"start":{"line":36,"column":6},"end":{"line":36,"column":35}},"3":{"start":{"line":42,"column":28},"end":{"line":42,"column":46}}},"fnMap":{"0":{"name":"(anonymous_0)","decl":{"start":{"line":35,"column":14},"end":{"line":35,"column":15}},"loc":{"start":{"line":35,"column":33},"end":{"line":37,"column":5}},"line":35}},"branchMap":{},"s":{"0":1,"1":1,"2":0,"3":1},"f":{"0":0},"b":{},"_coverageSchema":"1a1c01bbd47fc00a2c39e90264f33305004495a9","hash":"797caa65c8a87bc9ff9b7ec0bcf26c4e4efdb40d"}
,"/home/fw/repos/js/native/stellar-message/features/userSlice.js": {"path":"/home/fw/repos/js/native/stellar-message/features/userSlice.js","statementMap":{"0":{"start":{"line":3,"column":21},"end":{"line":5,"column":1}},"1":{"start":{"line":28,"column":25},"end":{"line":36,"column":2}},"2":{"start":{"line":33,"column":6},"end":{"line":33,"column":34}},"3":{"start":{"line":39,"column":31},"end":{"line":39,"column":48}}},"fnMap":{"0":{"name":"(anonymous_0)","decl":{"start":{"line":32,"column":17},"end":{"line":32,"column":18}},"loc":{"start":{"line":32,"column":36},"end":{"line":34,"column":5}},"line":32}},"branchMap":{},"s":{"0":1,"1":1,"2":0,"3":1},"f":{"0":0},"b":{},"_coverageSchema":"1a1c01bbd47fc00a2c39e90264f33305004495a9","hash":"6c4fea9d6e03eec78b2d29d9a24481f51a44cc8a"}
,"/home/fw/repos/js/native/stellar-message/screens/ChatScreen.js": {"path":"/home/fw/repos/js/native/stellar-message/screens/ChatScreen.js","statementMap":{"0":{"start":{"line":5,"column":2},"end":{"line":9,"column":4}}},"fnMap":{"0":{"name":"ChatScreen","decl":{"start":{"line":4,"column":24},"end":{"line":4,"column":34}},"loc":{"start":{"line":4,"column":37},"end":{"line":10,"column":1}},"line":4}},"branchMap":{},"s":{"0":0},"f":{"0":0},"b":{},"_coverageSchema":"1a1c01bbd47fc00a2c39e90264f33305004495a9","hash":"262f700de568ae8090db2d7dad66d49a85b804a2"}
,"/home/fw/repos/js/native/stellar-message/screens/HomeScreen.js": {"path":"/home/fw/repos/js/native/stellar-message/screens/HomeScreen.js","statementMap":{"0":{"start":{"line":5,"column":2},"end":{"line":9,"column":4}}},"fnMap":{"0":{"name":"HomeScreen","decl":{"start":{"line":4,"column":24},"end":{"line":4,"column":34}},"loc":{"start":{"line":4,"column":37},"end":{"line":10,"column":1}},"line":4}},"branchMap":{},"s":{"0":0},"f":{"0":0},"b":{},"_coverageSchema":"1a1c01bbd47fc00a2c39e90264f33305004495a9","hash":"03ac7c1631d3c7cbb1dc3d43c72a7e849e3fd84c"}
,"/home/fw/repos/js/native/stellar-message/screens/LoginScreen.js": {"path":"/home/fw/repos/js/native/stellar-message/screens/LoginScreen.js","statementMap":{"0":{"start":{"line":22,"column":28},"end":{"line":22,"column":40}},"1":{"start":{"line":23,"column":34},"end":{"line":23,"column":46}},"2":{"start":{"line":24,"column":27},"end":{"line":26,"column":4}},"3":{"start":{"line":27,"column":2},"end":{"line":88,"column":4}},"4":{"start":{"line":32,"column":8},"end":{"line":32,"column":28}},"5":{"start":{"line":35,"column":8},"end":{"line":85,"column":31}},"6":{"start":{"line":47,"column":14},"end":{"line":47,"column":43}},"7":{"start":{"line":81,"column":38},"end":{"line":81,"column":69}}},"fnMap":{"0":{"name":"LoginScreen","decl":{"start":{"line":21,"column":24},"end":{"line":21,"column":35}},"loc":{"start":{"line":21,"column":52},"end":{"line":89,"column":1}},"line":21},"1":{"name":"(anonymous_1)","decl":{"start":{"line":31,"column":16},"end":{"line":31,"column":17}},"loc":{"start":{"line":31,"column":28},"end":{"line":33,"column":7}},"line":31},"2":{"name":"(anonymous_2)","decl":{"start":{"line":34,"column":7},"end":{"line":34,"column":8}},"loc":{"start":{"line":35,"column":8},"end":{"line":85,"column":31}},"line":35},"3":{"name":"(anonymous_3)","decl":{"start":{"line":46,"column":22},"end":{"line":46,"column":23}},"loc":{"start":{"line":46,"column":33},"end":{"line":48,"column":13}},"line":46},"4":{"name":"(anonymous_4)","decl":{"start":{"line":81,"column":32},"end":{"line":81,"column":33}},"loc":{"start":{"line":81,"column":38},"end":{"line":81,"column":69}},"line":81}},"branchMap":{},"s":{"0":1,"1":1,"2":1,"3":1,"4":0,"5":1,"6":0,"7":0},"f":{"0":1,"1":0,"2":1,"3":0,"4":0},"b":{},"_coverageSchema":"1a1c01bbd47fc00a2c39e90264f33305004495a9","hash":"242122be83bd699d8af2dfc37c825fc01fe7914e"}
,"/home/fw/repos/js/native/stellar-message/screens/MemoryScreen.js": {"path":"/home/fw/repos/js/native/stellar-message/screens/MemoryScreen.js","statementMap":{"0":{"start":{"line":5,"column":2},"end":{"line":9,"column":4}}},"fnMap":{"0":{"name":"MemoryScreen","decl":{"start":{"line":4,"column":24},"end":{"line":4,"column":36}},"loc":{"start":{"line":4,"column":39},"end":{"line":10,"column":1}},"line":4}},"branchMap":{},"s":{"0":0},"f":{"0":0},"b":{},"_coverageSchema":"1a1c01bbd47fc00a2c39e90264f33305004495a9","hash":"5e77be15742d24f35a584ee169ed66a7d027fafb"}
,"/home/fw/repos/js/native/stellar-message/screens/RegisterScreen.js": {"path":"/home/fw/repos/js/native/stellar-message/screens/RegisterScreen.js","statementMap":{"0":{"start":{"line":8,"column":2},"end":{"line":25,"column":4}},"1":{"start":{"line":20,"column":34},"end":{"line":20,"column":62}}},"fnMap":{"0":{"name":"RegisterScreen","decl":{"start":{"line":7,"column":24},"end":{"line":7,"column":38}},"loc":{"start":{"line":7,"column":55},"end":{"line":26,"column":1}},"line":7},"1":{"name":"(anonymous_1)","decl":{"start":{"line":20,"column":28},"end":{"line":20,"column":29}},"loc":{"start":{"line":20,"column":34},"end":{"line":20,"column":62}},"line":20}},"branchMap":{},"s":{"0":0,"1":0},"f":{"0":0,"1":0},"b":{},"_coverageSchema":"1a1c01bbd47fc00a2c39e90264f33305004495a9","hash":"abfbb7f0c2f448f800c823bc4542027f6e616f48"}
}
