TN:
SF:.eslintrc.js
FNF:0
FNH:0
DA:1,0
LF:1
LH:0
BRF:0
BRH:0
end_of_record
TN:
SF:App.js
FN:25,App
FNF:1
FNH:1
FNDA:1,App
DA:26,1
DA:27,1
DA:35,1
DA:39,1
DA:45,1
LF:5
LH:5
BRF:0
BRH:0
end_of_record
TN:
SF:config/firebaseConfig.js
FNF:0
FNH:0
DA:12,0
DA:21,0
DA:23,0
DA:24,0
LF:4
LH:0
BRF:0
BRH:0
end_of_record
TN:
SF:features/settingsSlice.js
FN:35,(anonymous_0)
FNF:1
FNH:0
FNDA:0,(anonymous_0)
DA:3,1
DA:31,1
DA:36,0
DA:42,1
LF:4
LH:3
BRF:0
BRH:0
end_of_record
TN:
SF:features/themeSlice.js
FN:35,(anonymous_0)
FNF:1
FNH:0
FNDA:0,(anonymous_0)
DA:3,1
DA:31,1
DA:36,0
DA:42,1
LF:4
LH:3
BRF:0
BRH:0
end_of_record
TN:
SF:features/userSlice.js
FN:32,(anonymous_0)
FNF:1
FNH:0
FNDA:0,(anonymous_0)
DA:3,1
DA:28,1
DA:33,0
DA:39,1
LF:4
LH:3
BRF:0
BRH:0
end_of_record
TN:
SF:screens/ChatScreen.js
FN:4,ChatScreen
FNF:1
FNH:0
FNDA:0,ChatScreen
DA:5,0
LF:1
LH:0
BRF:0
BRH:0
end_of_record
TN:
SF:screens/HomeScreen.js
FN:4,HomeScreen
FNF:1
FNH:0
FNDA:0,HomeScreen
DA:5,0
LF:1
LH:0
BRF:0
BRH:0
end_of_record
TN:
SF:screens/LoginScreen.js
FN:21,LoginScreen
FN:31,(anonymous_1)
FN:34,(anonymous_2)
FN:46,(anonymous_3)
FN:81,(anonymous_4)
FNF:5
FNH:2
FNDA:1,LoginScreen
FNDA:0,(anonymous_1)
FNDA:1,(anonymous_2)
FNDA:0,(anonymous_3)
FNDA:0,(anonymous_4)
DA:22,1
DA:23,1
DA:24,1
DA:27,1
DA:32,0
DA:35,1
DA:47,0
DA:81,0
LF:8
LH:5
BRF:0
BRH:0
end_of_record
TN:
SF:screens/MemoryScreen.js
FN:4,MemoryScreen
FNF:1
FNH:0
FNDA:0,MemoryScreen
DA:5,0
LF:1
LH:0
BRF:0
BRH:0
end_of_record
TN:
SF:screens/RegisterScreen.js
FN:7,RegisterScreen
FN:20,(anonymous_1)
FNF:2
FNH:0
FNDA:0,RegisterScreen
FNDA:0,(anonymous_1)
DA:8,0
DA:20,0
LF:2
LH:0
BRF:0
BRH:0
end_of_record
