TN:
SF:App.js
FN:24,App
FNF:1
FNH:0
FNDA:0,App
DA:25,0
DA:26,0
DA:34,0
DA:38,0
DA:44,0
LF:5
LH:0
BRF:0
BRH:0
end_of_record
TN:
SF:config/firebaseConfig.js
FNF:0
FNH:0
DA:13,0
DA:22,0
DA:24,0
DA:25,0
LF:4
LH:0
BRF:0
BRH:0
end_of_record
TN:
SF:features/settingsSlice.js
FN:35,(anonymous_0)
FNF:1
FNH:0
FNDA:0,(anonymous_0)
DA:3,0
DA:31,0
DA:36,0
DA:42,0
LF:4
LH:0
BRF:0
BRH:0
end_of_record
TN:
SF:features/themeSlice.js
FN:35,(anonymous_0)
FNF:1
FNH:0
FNDA:0,(anonymous_0)
DA:3,0
DA:31,0
DA:36,0
DA:42,0
LF:4
LH:0
BRF:0
BRH:0
end_of_record
TN:
SF:features/userSlice.js
FN:32,(anonymous_0)
FNF:1
FNH:0
FNDA:0,(anonymous_0)
DA:3,0
DA:28,0
DA:33,0
DA:39,0
LF:4
LH:0
BRF:0
BRH:0
end_of_record
TN:
SF:screens/ChatScreen.js
FN:4,ChatScreen
FNF:1
FNH:0
FNDA:0,ChatScreen
DA:5,0
LF:1
LH:0
BRF:0
BRH:0
end_of_record
TN:
SF:screens/HomeScreen.js
FN:4,HomeScreen
FNF:1
FNH:0
FNDA:0,HomeScreen
DA:5,0
LF:1
LH:0
BRF:0
BRH:0
end_of_record
TN:
SF:screens/LoginScreen.js
FN:21,LoginScreen
FN:34,(anonymous_1)
FN:38,(anonymous_2)
FN:52,(anonymous_3)
FN:91,(anonymous_4)
FNF:5
FNH:0
FNDA:0,LoginScreen
FNDA:0,(anonymous_1)
FNDA:0,(anonymous_2)
FNDA:0,(anonymous_3)
FNDA:0,(anonymous_4)
DA:22,0
DA:23,0
DA:24,0
DA:30,0
DA:35,0
DA:39,0
DA:53,0
DA:91,0
LF:8
LH:0
BRF:0
BRH:0
end_of_record
TN:
SF:screens/MemoryScreen.js
FN:4,MemoryScreen
FNF:1
FNH:0
FNDA:0,MemoryScreen
DA:5,0
LF:1
LH:0
BRF:0
BRH:0
end_of_record
TN:
SF:screens/RegisterScreen.js
FN:7,RegisterScreen
FN:25,(anonymous_1)
FNF:2
FNH:0
FNDA:0,RegisterScreen
FNDA:0,(anonymous_1)
DA:8,0
DA:25,0
LF:2
LH:0
BRF:0
BRH:0
end_of_record
